<?xml version="1.0" encoding="UTF-8"?>
<testng-results ignored="0" total="1" passed="1" failed="0" skipped="0">
  <reporter-output>
  </reporter-output>
  <suite started-at="2022-08-15T10:21:08 IST" name="Suite" finished-at="2022-08-15T10:21:37 IST" duration-ms="29061">
    <groups>
    </groups>
    <test started-at="2022-08-15T10:21:08 IST" name="Test" finished-at="2022-08-15T10:21:37 IST" duration-ms="29061">
      <class name="com.e2e.testcases.FirstTest">
        <test-method is-config="true" signature="setupSuite()[pri:0, instance:com.e2e.testcases.FirstTest@47faa49c]" started-at="2022-08-15T10:21:08 IST" name="setupSuite" finished-at="2022-08-15T10:21:08 IST" duration-ms="321" status="PASS">
          <reporter-output>
          </reporter-output>
        </test-method> <!-- setupSuite -->
        <test-method is-config="true" signature="SetUpTest(java.lang.reflect.Method)[pri:0, instance:com.e2e.testcases.FirstTest@47faa49c]" started-at="2022-08-15T10:21:08 IST" name="SetUpTest" finished-at="2022-08-15T10:21:35 IST" duration-ms="26393" status="PASS">
          <params>
            <param index="0">
              <value>
                <![CDATA[public void com.e2e.testcases.FirstTest.tapAction()]]>
              </value>
            </param>
          </params>
          <reporter-output>
          </reporter-output>
        </test-method> <!-- SetUpTest -->
        <test-method signature="tapAction()[pri:0, instance:com.e2e.testcases.FirstTest@47faa49c]" started-at="2022-08-15T10:21:35 IST" name="tapAction" finished-at="2022-08-15T10:21:36 IST" duration-ms="1373" status="PASS">
          <reporter-output>
          </reporter-output>
        </test-method> <!-- tapAction -->
        <test-method is-config="true" signature="tearDownTest()[pri:0, instance:com.e2e.testcases.FirstTest@47faa49c]" started-at="2022-08-15T10:21:36 IST" name="tearDownTest" finished-at="2022-08-15T10:21:37 IST" duration-ms="1243" status="PASS">
          <reporter-output>
          </reporter-output>
        </test-method> <!-- tearDownTest -->
        <test-method is-config="true" signature="tearDownSuite()[pri:0, instance:com.e2e.testcases.FirstTest@47faa49c]" started-at="2022-08-15T10:21:37 IST" name="tearDownSuite" finished-at="2022-08-15T10:21:38 IST" duration-ms="528" status="PASS">
          <reporter-output>
          </reporter-output>
        </test-method> <!-- tearDownSuite -->
      </class> <!-- com.e2e.testcases.FirstTest -->
    </test> <!-- Test -->
  </suite> <!-- Suite -->
</testng-results>
